<?xml version="1.0" encoding="UTF-8"?>
<!-- Generated by org.testng.reporters.JUnitReportReporter -->
<testsuite skipped="0" hostname="DESKTOP-O5A6HHP" name="com.spotify.oauth2.tests.PlaylistCheckTests" tests="3" failures="0" timestamp="2022-01-25T19:17:23 IST" time="14.009" errors="0">
  <testcase name="ShouldBeAbleToCreatePlaylist2" time="4.670" classname="com.spotify.oauth2.tests.PlaylistCheckTests"/>
  <system-out/>
  <testcase name="ShouldBeAbleToCreatePlaylist" time="4.669" classname="com.spotify.oauth2.tests.PlaylistCheckTests"/>
  <system-out/>
  <testcase name="ShouldBeAbleToCreatePlaylist1" time="4.670" classname="com.spotify.oauth2.tests.PlaylistCheckTests"/>
  <system-out/>
</testsuite> <!-- com.spotify.oauth2.tests.PlaylistCheckTests -->
