<?xml version="1.0" encoding="UTF-8"?>
<!-- Generated by org.testng.reporters.JUnitReportReporter -->
<testsuite skipped="0" hostname="DESKTOP-O5A6HHP" name="com.spotify.oauth2.tests.PlaylistTests" tests="3" failures="0" timestamp="2022-01-25T19:17:23 IST" time="13.254" errors="0">
  <testcase name="ShouldBeAbleToCreatePlaylist2" time="4.418" classname="com.spotify.oauth2.tests.PlaylistTests"/>
  <system-out/>
  <testcase name="ShouldBeAbleToCreatePlaylist1" time="4.419" classname="com.spotify.oauth2.tests.PlaylistTests"/>
  <system-out/>
  <testcase name="ShouldBeAbleToCreatePlaylist" time="4.417" classname="com.spotify.oauth2.tests.PlaylistTests"/>
  <system-out/>
</testsuite> <!-- com.spotify.oauth2.tests.PlaylistTests -->
